<?xml version="1.0" encoding="UTF-8"?>
<!-- Generated by org.testng.reporters.JUnitReportReporter -->
<testsuite hostname="Parth" failures="1" tests="3" name="tests.CustomersPageTest" time="23.886" errors="0" timestamp="2022-12-13T17:07:31 EST" skipped="0">
  <testcase classname="tests.CustomersPageTest" name="checkTitleTest" time="8.326"/>
  <system-out/>
  <testcase classname="tests.CustomersPageTest" name="checkDescTest" time="7.825">
    <failure message="Description does not match expected [Free CRM Customers
Here are some of the companies and organizations worldwide using Free CRM to do more for less. We&#039;ve been in business since 2003 and are one of the world&#039;s leading CRM providers. Our job is to keep your data safe and available to you anytime and we&#039;ve been doing that for over 19 years.] but found [Free CRM Customers
Here are some of the companies and organizations worldwide using Free CRM to do more for less. We&#039;ve been in business since 2003 and are one of the world&#039;s leading CRM providers. Our job is to keep your data safe and available to you anytime and we&#039;ve been doing that for over 19 years.]" type="java.lang.AssertionError">
      <![CDATA[java.lang.AssertionError: Description does not match expected [Free CRM Customers
Here are some of the companies and organizations worldwide using Free CRM to do more for less. We've been in business since 2003 and are one of the world's leading CRM providers. Our job is to keep your data safe and available to you anytime and we've been doing that for over 19 years.] but found [Free CRM Customers
Here are some of the companies and organizations worldwide using Free CRM to do more for less. We've been in business since 2003 and are one of the world's leading CRM providers. Our job is to keep your data safe and available to you anytime and we've been doing that for over 19 years.]
at org.testng.Assert.fail(Assert.java:110)
at org.testng.Assert.failNotEquals(Assert.java:1413)
at org.testng.Assert.assertEqualsImpl(Assert.java:149)
at org.testng.Assert.assertEquals(Assert.java:131)
at org.testng.Assert.assertEquals(Assert.java:655)
at tests.CustomersPageTest.checkDescTest(CustomersPageTest.java:48)
at java.base/jdk.internal.reflect.NativeMethodAccessorImpl.invoke0(Native Method)
at java.base/jdk.internal.reflect.NativeMethodAccessorImpl.invoke(NativeMethodAccessorImpl.java:64)
at java.base/jdk.internal.reflect.DelegatingMethodAccessorImpl.invoke(DelegatingMethodAccessorImpl.java:43)
at java.base/java.lang.reflect.Method.invoke(Method.java:564)
at org.testng.internal.invokers.MethodInvocationHelper.invokeMethod(MethodInvocationHelper.java:139)
at org.testng.internal.invokers.TestInvoker.invokeMethod(TestInvoker.java:677)
at org.testng.internal.invokers.TestInvoker.invokeTestMethod(TestInvoker.java:221)
at org.testng.internal.invokers.MethodRunner.runInSequence(MethodRunner.java:50)
at org.testng.internal.invokers.TestInvoker$MethodInvocationAgent.invoke(TestInvoker.java:962)
at org.testng.internal.invokers.TestInvoker.invokeTestMethods(TestInvoker.java:194)
at org.testng.internal.invokers.TestMethodWorker.invokeTestMethods(TestMethodWorker.java:148)
at org.testng.internal.invokers.TestMethodWorker.run(TestMethodWorker.java:128)
at java.base/java.util.ArrayList.forEach(ArrayList.java:1511)
at org.testng.TestRunner.privateRun(TestRunner.java:806)
at org.testng.TestRunner.run(TestRunner.java:601)
at org.testng.SuiteRunner.runTest(SuiteRunner.java:433)
at org.testng.SuiteRunner.runSequentially(SuiteRunner.java:427)
at org.testng.SuiteRunner.privateRun(SuiteRunner.java:387)
at org.testng.SuiteRunner.run(SuiteRunner.java:330)
at org.testng.SuiteRunnerWorker.runSuite(SuiteRunnerWorker.java:52)
at org.testng.SuiteRunnerWorker.run(SuiteRunnerWorker.java:95)
at org.testng.TestNG.runSuitesSequentially(TestNG.java:1256)
at org.testng.TestNG.runSuitesLocally(TestNG.java:1176)
at org.testng.TestNG.runSuites(TestNG.java:1099)
at org.testng.TestNG.run(TestNG.java:1067)
at org.testng.remote.AbstractRemoteTestNG.run(AbstractRemoteTestNG.java:115)
at org.testng.remote.RemoteTestNG.initAndRun(RemoteTestNG.java:251)
at org.testng.remote.RemoteTestNG.main(RemoteTestNG.java:77)
]]>
    </failure>
  </testcase> <!-- checkDescTest -->
  <system-out/>
  <testcase classname="tests.CustomersPageTest" name="checkCustomersListTest" time="7.735"/>
  <system-out/>
</testsuite> <!-- tests.CustomersPageTest -->
